<?xml version="1.0" encoding="UTF-8"?>
<!-- Generated by org.testng.reporters.JUnitReportReporter -->
<testsuite skipped="0" hostname="DESKTOP-9HTBQ3T" name="com.edkal.qa.testcases.AmazonSearchTests" tests="2" failures="0" timestamp="18 Aug 2019 12:37:33 GMT" time="179.918" errors="0">
  <testcase name="addUniqueBestSellerItemsToCart" time="79.299" classname="com.edkal.qa.testcases.AmazonSearchTests"/>
  <testcase name="addAllBestSellerItemsToCart" time="100.619" classname="com.edkal.qa.testcases.AmazonSearchTests"/>
</testsuite> <!-- com.edkal.qa.testcases.AmazonSearchTests -->
